2016-03-14 02:18:24,772 [Worker-4] INFO  o.e.m.c.i.l.LifecycleMappingFactory - Using org.eclipse.m2e.jdt.JarLifecycleMapping lifecycle mapping for MavenProject: com.example:demo:0.0.1-SNAPSHOT @ C:\Users\MyPcs\Documents\WorkSpaceSTS\SpringCoreDemo\pom.xml.
2016-03-14 02:18:31,732 [Worker-4] INFO  o.e.m.c.i.embedder.EclipseLogger - Using 'UTF-8' encoding to copy filtered resources.
2016-03-14 02:18:31,755 [Worker-4] INFO  o.e.m.c.i.embedder.EclipseLogger - Copying 1 resource
2016-03-14 02:18:31,770 [Worker-4] INFO  o.e.m.c.i.embedder.EclipseLogger - Copying 5 resources
2016-03-14 02:18:31,873 [Worker-4] INFO  o.e.m.c.i.embedder.EclipseLogger - Using 'UTF-8' encoding to copy filtered resources.
2016-03-14 02:18:31,874 [Worker-4] INFO  o.e.m.c.i.embedder.EclipseLogger - skip non existing resourceDirectory C:\Users\MyPcs\Documents\WorkSpaceSTS\SpringCoreDemo\src\test\resources
2016-03-14 02:18:38,346 [Worker-5] INFO  o.e.m.c.i.embedder.EclipseLogger - Using 'UTF-8' encoding to copy filtered resources.
2016-03-14 02:18:38,347 [Worker-5] INFO  o.e.m.c.i.embedder.EclipseLogger - Copying 1 resource
2016-03-14 02:18:38,349 [Worker-5] INFO  o.e.m.c.i.embedder.EclipseLogger - Copying 5 resources
2016-03-14 02:18:38,445 [Worker-5] INFO  o.e.m.c.i.embedder.EclipseLogger - Using 'UTF-8' encoding to copy filtered resources.
2016-03-14 02:18:38,446 [Worker-5] INFO  o.e.m.c.i.embedder.EclipseLogger - skip non existing resourceDirectory C:\Users\MyPcs\Documents\WorkSpaceSTS\SpringCoreDemo\src\test\resources
2016-03-14 02:18:40,354 [Worker-8] INFO  o.e.m.c.i.embedder.EclipseLogger - Using 'UTF-8' encoding to copy filtered resources.
2016-03-14 02:18:40,356 [Worker-8] INFO  o.e.m.c.i.embedder.EclipseLogger - Copying 1 resource
2016-03-14 02:18:40,358 [Worker-8] INFO  o.e.m.c.i.embedder.EclipseLogger - Copying 5 resources
2016-03-14 02:18:40,391 [Worker-8] INFO  o.e.m.c.i.embedder.EclipseLogger - Using 'UTF-8' encoding to copy filtered resources.
2016-03-14 02:18:40,391 [Worker-8] INFO  o.e.m.c.i.embedder.EclipseLogger - skip non existing resourceDirectory C:\Users\MyPcs\Documents\WorkSpaceSTS\SpringCoreDemo\src\test\resources
2016-03-14 02:18:41,836 [Worker-3] INFO  o.e.m.c.i.embedder.EclipseLogger - Using 'UTF-8' encoding to copy filtered resources.
2016-03-14 02:18:41,840 [Worker-3] INFO  o.e.m.c.i.embedder.EclipseLogger - Copying 1 resource
2016-03-14 02:18:41,846 [Worker-3] INFO  o.e.m.c.i.embedder.EclipseLogger - Copying 5 resources
2016-03-14 02:18:41,928 [Worker-3] INFO  o.e.m.c.i.embedder.EclipseLogger - Using 'UTF-8' encoding to copy filtered resources.
2016-03-14 02:18:41,940 [Worker-3] INFO  o.e.m.c.i.embedder.EclipseLogger - skip non existing resourceDirectory C:\Users\MyPcs\Documents\WorkSpaceSTS\SpringCoreDemo\src\test\resources
2016-03-14 02:18:43,743 [Worker-6] INFO  o.e.m.c.i.embedder.EclipseLogger - Using 'UTF-8' encoding to copy filtered resources.
2016-03-14 02:18:43,805 [Worker-6] INFO  o.e.m.c.i.embedder.EclipseLogger - Copying 1 resource
2016-03-14 02:18:43,825 [Worker-6] INFO  o.e.m.c.i.embedder.EclipseLogger - Copying 5 resources
2016-03-14 02:18:43,886 [Worker-6] INFO  o.e.m.c.i.embedder.EclipseLogger - Using 'UTF-8' encoding to copy filtered resources.
2016-03-14 02:18:43,887 [Worker-6] INFO  o.e.m.c.i.embedder.EclipseLogger - skip non existing resourceDirectory C:\Users\MyPcs\Documents\WorkSpaceSTS\SpringCoreDemo\src\test\resources
2016-03-14 02:18:46,195 [Worker-6] INFO  o.e.m.c.i.embedder.EclipseLogger - Using 'UTF-8' encoding to copy filtered resources.
2016-03-14 02:18:46,196 [Worker-6] INFO  o.e.m.c.i.embedder.EclipseLogger - Copying 1 resource
2016-03-14 02:18:46,203 [Worker-6] INFO  o.e.m.c.i.embedder.EclipseLogger - Copying 5 resources
2016-03-14 02:18:46,247 [Worker-6] INFO  o.e.m.c.i.embedder.EclipseLogger - Using 'UTF-8' encoding to copy filtered resources.
2016-03-14 02:18:46,260 [Worker-6] INFO  o.e.m.c.i.embedder.EclipseLogger - skip non existing resourceDirectory C:\Users\MyPcs\Documents\WorkSpaceSTS\SpringCoreDemo\src\test\resources
2016-03-14 02:25:42,824 [Worker-11] INFO  o.e.m.c.i.l.LifecycleMappingFactory - Using org.eclipse.m2e.jdt.JarLifecycleMapping lifecycle mapping for MavenProject: com.example:demo:0.0.1-SNAPSHOT @ C:\Users\MyPcs\Documents\WorkSpaceSpring\SpringMVCDemo\pom.xml.
2016-03-14 02:25:51,515 [Worker-12] INFO  o.e.m.c.i.embedder.EclipseLogger - Using 'UTF-8' encoding to copy filtered resources.
2016-03-14 02:25:51,524 [Worker-12] INFO  o.e.m.c.i.embedder.EclipseLogger - Copying 1 resource
2016-03-14 02:25:51,553 [Worker-12] INFO  o.e.m.c.i.embedder.EclipseLogger - Copying 0 resource
2016-03-14 02:25:51,557 [Worker-12] INFO  o.e.m.c.i.embedder.EclipseLogger - Using 'UTF-8' encoding to copy filtered resources.
2016-03-14 02:25:51,564 [Worker-12] INFO  o.e.m.c.i.embedder.EclipseLogger - skip non existing resourceDirectory C:\Users\MyPcs\Documents\WorkSpaceSpring\SpringMVCDemo\src\test\resources
2016-03-14 02:25:51,814 [Worker-11] INFO  o.e.m.j.i.AbstractJavaProjectConfigurator - Adding source folder /SpringMVCDemo/src/main/java
2016-03-14 02:25:51,817 [Worker-11] INFO  o.e.m.j.i.AbstractJavaProjectConfigurator - Adding resource folder /SpringMVCDemo/src/main/resources
2016-03-14 02:25:51,841 [Worker-11] INFO  o.e.m.j.i.AbstractJavaProjectConfigurator - Adding resource folder /SpringMVCDemo/src/main/resources
2016-03-14 02:25:51,874 [Worker-11] INFO  o.e.m.j.i.AbstractJavaProjectConfigurator - Adding source folder /SpringMVCDemo/src/test/java
2016-03-14 02:25:55,613 [Worker-11] INFO  o.e.m.c.i.p.ProjectConfigurationManager - Imported and configured 1 project(s) in 20 sec
2016-03-14 02:25:55,630 [Worker-11] INFO  o.e.m.c.i.p.ProjectConfigurationManager - Update started
2016-03-14 02:25:57,001 [Worker-11] INFO  o.e.m.c.i.l.LifecycleMappingFactory - Using org.eclipse.m2e.jdt.JarLifecycleMapping lifecycle mapping for MavenProject: com.example:demo:0.0.1-SNAPSHOT @ C:\Users\MyPcs\Documents\WorkSpaceSpring\SpringMVCDemo\pom.xml.
2016-03-14 02:25:58,945 [Worker-11] INFO  o.e.m.j.i.AbstractJavaProjectConfigurator - Adding source folder /SpringMVCDemo/src/main/java
2016-03-14 02:25:58,955 [Worker-11] INFO  o.e.m.j.i.AbstractJavaProjectConfigurator - Adding resource folder /SpringMVCDemo/src/main/resources
2016-03-14 02:25:58,965 [Worker-11] INFO  o.e.m.j.i.AbstractJavaProjectConfigurator - Adding resource folder /SpringMVCDemo/src/main/resources
2016-03-14 02:25:58,972 [Worker-11] INFO  o.e.m.j.i.AbstractJavaProjectConfigurator - Adding source folder /SpringMVCDemo/src/test/java
2016-03-14 02:25:59,411 [Worker-11] INFO  o.e.m.c.i.p.ProjectConfigurationManager - Update completed: 3 sec
2016-03-14 02:26:04,281 [Worker-1] INFO  o.e.m.c.i.embedder.EclipseLogger - Using 'UTF-8' encoding to copy filtered resources.
2016-03-14 02:26:04,283 [Worker-1] INFO  o.e.m.c.i.embedder.EclipseLogger - Copying 1 resource
2016-03-14 02:26:04,302 [Worker-1] INFO  o.e.m.c.i.embedder.EclipseLogger - Copying 0 resource
2016-03-14 02:26:04,317 [Worker-1] INFO  o.e.m.c.i.embedder.EclipseLogger - Using 'UTF-8' encoding to copy filtered resources.
2016-03-14 02:26:04,322 [Worker-1] INFO  o.e.m.c.i.embedder.EclipseLogger - skip non existing resourceDirectory C:\Users\MyPcs\Documents\WorkSpaceSpring\SpringMVCDemo\src\test\resources
